[2025-10-01T07:00:42.210Z] > command requires scopes: ["email","openid","https://www.googleapis.com/auth/cloudplatformprojects.readonly","https://www.googleapis.com/auth/firebase","https://www.googleapis.com/auth/cloud-platform"]
[2025-10-01T07:00:42.213Z] > authorizing via signed-in user (kjburriss@gmail.com)
[2025-10-01T07:00:42.298Z] openjdk version "21.0.8" 2025-07-15 LTS

[2025-10-01T07:00:42.301Z] OpenJDK Runtime Environment Temurin-21.0.8+9 (build 21.0.8+9-LTS)
OpenJDK 64-Bit Server VM Temurin-21.0.8+9 (build 21.0.8+9-LTS, mixed mode, sharing)

[2025-10-01T07:00:42.322Z] Parsed Java major version: 21
i  emulators: Starting emulators: storage {"metadata":{"emulator":{"name":"hub"},"message":"Starting emulators: storage"}}
!  storage: Port 9199 is not open on localhost (127.0.0.1), could not start Storage Emulator. {"metadata":{"emulator":{"name":"storage"},"message":"Port 9199 is not open on localhost (127.0.0.1), could not start Storage Emulator."}}
!  storage: To select a different host/port, specify that host/port in a firebase.json config file:
      {
        // ...
        "emulators": {
          "storage": {
            "host": "HOST",
            "port": "PORT"
          }
        }
      } {"metadata":{"emulator":{"name":"storage"},"message":"To select a different host/port, specify that host/port in a firebase.json config file:\n      {\n        // ...\n        \"emulators\": {\n          \"storage\": {\n            \"host\": \"\u001b[33mHOST\u001b[39m\",\n            \"port\": \"\u001b[33mPORT\u001b[39m\"\n          }\n        }\n      }"}}
!  hub: emulator hub unable to start on port 4400, starting on 4401 instead. {"metadata":{"emulator":{"name":"hub"},"message":"emulator hub unable to start on port 4400, starting on 4401 instead."}}
!  ui: Emulator UI unable to start on port 4000, starting on 4001 instead. {"metadata":{"emulator":{"name":"ui"},"message":"Emulator UI unable to start on port 4000, starting on 4001 instead."}}
!  logging: Logging Emulator unable to start on port 4500, starting on 4501 instead. {"metadata":{"emulator":{"name":"logging"},"message":"Logging Emulator unable to start on port 4500, starting on 4501 instead."}}
[2025-10-01T07:00:42.344Z] [logging] Logging Emulator only supports listening on one address (127.0.0.1). Not listening on ::1
[2025-10-01T07:00:42.348Z] Could not find VSCode notification endpoint: FetchError: request to http://localhost:40001/vscode/notify failed, reason: . If you are not running the Firebase Data Connect VSCode extension, this is expected and not an issue.
i  emulators: Shutting down emulators. {"metadata":{"emulator":{"name":"hub"},"message":"Shutting down emulators."}}
[2025-10-01T07:00:42.351Z] Could not find VSCode notification endpoint: FetchError: request to http://localhost:40001/vscode/notify failed, reason: . If you are not running the Firebase Data Connect VSCode extension, this is expected and not an issue.

Error: Could not start Storage Emulator, port taken.
